<?xml version="1.0" encoding="UTF-8"?>
<!-- Generated by org.testng.reporters.JUnitReportReporter -->
<testsuite skipped="0" hostname="LAPTOP-PE52CNM5" name="com.hdfcTest.BasicInformationTest" tests="1" failures="0" timestamp="2021-10-28T19:16:57 IST" time="23.200" errors="0">
  <testcase name="basicInfo" time="23.200" classname="com.hdfcTest.BasicInformationTest"/>
  <system-out/>
</testsuite> <!-- com.hdfcTest.BasicInformationTest -->
