<?xml version="1.0" encoding="UTF-8"?>
<!-- Generated by org.testng.reporters.JUnitReportReporter -->
<testsuite skipped="0" hostname="LAPTOP-PE52CNM5" name="com.hdfcTest.ApplicantsTest" tests="1" failures="0" timestamp="2021-11-02T22:01:46 IST" time="27.293" errors="0">
  <testcase name="appTest" time="27.293" classname="com.hdfcTest.ApplicantsTest"/>
  <system-out/>
</testsuite> <!-- com.hdfcTest.ApplicantsTest -->
