<?xml version="1.0" encoding="UTF-8"?>
<!-- Generated by org.testng.reporters.JUnitReportReporter -->
<testsuite skipped="0" hostname="LAPTOP-PE52CNM5" name="com.hdfcTest.OTPVerificationTest" tests="1" failures="0" timestamp="2021-11-03T19:48:50 IST" time="47.384" errors="0">
  <testcase name="otpTest" time="47.384" classname="com.hdfcTest.OTPVerificationTest"/>
  <system-out/>
</testsuite> <!-- com.hdfcTest.OTPVerificationTest -->
