<?xml version="1.0" encoding="UTF-8"?>
<!-- Generated by org.testng.reporters.JUnitReportReporter -->
<testsuite skipped="0" hostname="LAPTOP-PE52CNM5" name="com.hdfcTest.OTPVerificationTest" tests="1" failures="0" timestamp="2021-10-29T23:59:56 IST" time="82.725" errors="0">
  <testcase name="otpTest" time="82.725" classname="com.hdfcTest.OTPVerificationTest"/>
  <system-out/>
</testsuite> <!-- com.hdfcTest.OTPVerificationTest -->
