<?xml version="1.0" encoding="UTF-8"?>
<!-- Generated by org.testng.reporters.JUnitReportReporter -->
<testsuite skipped="0" hostname="LAPTOP-PE52CNM5" name="com.hdfcMain.HdfcDrivers" tests="1" failures="0" timestamp="2021-10-26T20:54:53 IST" time="17.075" errors="0">
  <testcase name="getTi" time="17.075" classname="com.hdfcMain.HdfcDrivers"/>
  <system-out/>
</testsuite> <!-- com.hdfcMain.HdfcDrivers -->
