<?xml version="1.0" encoding="UTF-8"?>
<!-- Generated by org.testng.reporters.JUnitReportReporter -->
<testsuite hostname="LAPTOP-PE52CNM5" name="com.hdfcTest.ApplicantsTest" tests="1" failures="0" timestamp="3 Nov 2021 12:12:51 GMT" time="56.098" errors="0">
  <testcase name="appTest" time="56.098" classname="com.hdfcTest.ApplicantsTest"/>
</testsuite> <!-- com.hdfcTest.ApplicantsTest -->
