<?xml version="1.0" encoding="UTF-8"?>
<!-- Generated by org.testng.reporters.JUnitReportReporter -->
<testsuite hostname="LAPTOP-PE52CNM5" name="com.hdfcTest.OTPVerificationTest" tests="1" failures="0" timestamp="10 Dec 2021 16:40:28 GMT" time="34.321" errors="0">
  <testcase name="otpTest" time="34.321" classname="com.hdfcTest.OTPVerificationTest"/>
</testsuite> <!-- com.hdfcTest.OTPVerificationTest -->
