<?xml version="1.0" encoding="UTF-8"?>
<!-- Generated by org.testng.reporters.JUnitReportReporter -->
<testsuite hostname="LAPTOP-PE52CNM5" name="com.hdfcTest.BasicInformationTest" tests="1" failures="0" timestamp="10 Dec 2021 16:40:28 GMT" time="26.004" errors="0">
  <testcase name="basicInfo" time="26.004" classname="com.hdfcTest.BasicInformationTest"/>
</testsuite> <!-- com.hdfcTest.BasicInformationTest -->
