<?xml version="1.0" encoding="UTF-8"?>
<!-- Generated by org.testng.reporters.JUnitReportReporter -->
<testsuite hostname="LAPTOP-PE52CNM5" name="com.hdfcTest.ApplicantsTest" tests="1" failures="0" timestamp="10 Dec 2021 16:40:28 GMT" time="51.997" errors="0">
  <testcase name="appTest" time="51.997" classname="com.hdfcTest.ApplicantsTest"/>
</testsuite> <!-- com.hdfcTest.ApplicantsTest -->
